0 info it worked if it ends with ok
1 verbose cli [ '/usr/bin/nodejs', '/usr/bin/npm', 'run', 'hint' ]
2 info using npm@3.8.6
3 info using node@v5.11.0
4 verbose run-script [ 'prehint', 'hint', 'posthint' ]
5 info lifecycle iiif-manifest-service@0.0.1~prehint: iiif-manifest-service@0.0.1
6 silly lifecycle iiif-manifest-service@0.0.1~prehint: no script for prehint, continuing
7 info lifecycle iiif-manifest-service@0.0.1~hint: iiif-manifest-service@0.0.1
8 verbose lifecycle iiif-manifest-service@0.0.1~hint: unsafe-perm in lifecycle true
9 verbose lifecycle iiif-manifest-service@0.0.1~hint: PATH: /usr/lib/node_modules/npm/bin/node-gyp-bin:/home/christopher/IdeaProjects/iiif-manifest-service/node_modules/.bin:/usr/bin:/usr/lib/git-core:/home/christopher/.rvm/gems/ruby-head-dev/bin:/home/christopher/.rvm/gems/ruby-head-dev@global/bin:/home/christopher/.rvm/rubies/ruby-head-dev/bin:/home/christopher/.rbenv/plugins/ruby-build/bin:/home/christopher/.rbenv/shims:/home/christopher/.rbenv/bin:/usr/local/sbin:/usr/local/bin:/usr/sbin:/usr/bin:/sbin:/bin:/usr/games:/usr/local/games:/snap/bin:/home/christopher/.rvm/bin:/snap/bin:/home/christopher/.rvm/bin:/home/christopher/.rvm/bin
10 verbose lifecycle iiif-manifest-service@0.0.1~hint: CWD: /home/christopher/IdeaProjects/iiif-manifest-service
11 silly lifecycle iiif-manifest-service@0.0.1~hint: Args: [ '-c', './node_modules/jshint/bin/jshint bin/* lib test' ]
12 silly lifecycle iiif-manifest-service@0.0.1~hint: Returned: code: 2  signal: null
13 info lifecycle iiif-manifest-service@0.0.1~hint: Failed to exec hint script
14 verbose stack Error: iiif-manifest-service@0.0.1 hint: `./node_modules/jshint/bin/jshint bin/* lib test`
14 verbose stack Exit status 2
14 verbose stack     at EventEmitter.<anonymous> (/usr/lib/node_modules/npm/lib/utils/lifecycle.js:239:16)
14 verbose stack     at emitTwo (events.js:100:13)
14 verbose stack     at EventEmitter.emit (events.js:185:7)
14 verbose stack     at ChildProcess.<anonymous> (/usr/lib/node_modules/npm/lib/utils/spawn.js:24:14)
14 verbose stack     at emitTwo (events.js:100:13)
14 verbose stack     at ChildProcess.emit (events.js:185:7)
14 verbose stack     at maybeClose (internal/child_process.js:850:16)
14 verbose stack     at Process.ChildProcess._handle.onexit (internal/child_process.js:215:5)
15 verbose pkgid iiif-manifest-service@0.0.1
16 verbose cwd /home/christopher/IdeaProjects/iiif-manifest-service
17 error Linux 4.4.0-21-generic
18 error argv "/usr/bin/nodejs" "/usr/bin/npm" "run" "hint"
19 error node v5.11.0
20 error npm  v3.8.6
21 error code ELIFECYCLE
22 error iiif-manifest-service@0.0.1 hint: `./node_modules/jshint/bin/jshint bin/* lib test`
22 error Exit status 2
23 error Failed at the iiif-manifest-service@0.0.1 hint script './node_modules/jshint/bin/jshint bin/* lib test'.
23 error Make sure you have the latest version of node.js and npm installed.
23 error If you do, this is most likely a problem with the iiif-manifest-service package,
23 error not with npm itself.
23 error Tell the author that this fails on your system:
23 error     ./node_modules/jshint/bin/jshint bin/* lib test
23 error You can get information on how to open an issue for this project with:
23 error     npm bugs iiif-manifest-service
23 error Or if that isn't available, you can get their info via:
23 error     npm owner ls iiif-manifest-service
23 error There is likely additional logging output above.
24 verbose exit [ 1, true ]
